Testsuite: org.framework.primitive.tests.TestLongTest
Tests run: 7, Failures: 3, Errors: 0, Skipped: 0, Time elapsed: 0,039 sec

Testcase: valueWithinIntRange_Test took 0,007 sec
	FAILED
null
junit.framework.AssertionFailedError
	at org.framework.primitive.tests.TestLongTest.valueWithinIntRange_Test(Unknown Source)

Testcase: valueWithinShortRange_Test took 0,001 sec
Testcase: divisor_Test took 0 sec
Testcase: equalsTest took 0 sec
	FAILED
null
junit.framework.AssertionFailedError
	at org.framework.primitive.tests.TestLongTest.equalsTest(Unknown Source)

Testcase: greaterTest took 0 sec
Testcase: valueWithinByteRange_Test took 0 sec
Testcase: lessTest took 0 sec
	FAILED
null
junit.framework.AssertionFailedError
	at org.framework.primitive.tests.TestLongTest.lessTest(Unknown Source)

