Testsuite: org.framework.primitive.tests.testPrimitive
Tests run: 33, Failures: 5, Errors: 0, Skipped: 0, Time elapsed: 0,045 sec

Testcase: valueWithinByteRange_Test_Int took 0,01 sec
Testcase: less_Test_Byte took 0,001 sec
Testcase: less_Test_Long took 0 sec
Testcase: equals_Test_Double took 0 sec
Testcase: divisor_Test_Byte took 0 sec
Testcase: divisor_Test_Long took 0,001 sec
Testcase: integerValue_Test_Double took 0 sec
Testcase: valueWithinByteRange_Test_Long took 0 sec
Testcase: sameIntegerValue_Test_Float took 0,001 sec
Testcase: less_Test_Float took 0 sec
Testcase: less_Test_Short took 0,001 sec
Testcase: equals_Char_Test took 0 sec
Testcase: testequalsTestBoolean took 0,001 sec
Testcase: greater_Test_Int took 0 sec
Testcase: less_Test_Int took 0 sec
Testcase: less_Test_Double took 0 sec
Testcase: greater_Test_Float took 0,001 sec
Testcase: greater_Test_Short took 0 sec
Testcase: valueWithinByteRange_Test_Short took 0,003 sec
	FAILED
null
junit.framework.AssertionFailedError
	at org.framework.primitive.tests.testPrimitive.valueWithinByteRange_Test_Short(Unknown Source)

Testcase: notEquals_Test took 0 sec
Testcase: greater_Test_Byte took 0 sec
Testcase: greater_Test_Long took 0 sec
Testcase: divisor_Test_Short took 0,001 sec
Testcase: equals_Short_Test took 0 sec
Testcase: equals_Test_Long took 0 sec
Testcase: valueWithinShortRange_Test_Long took 0,001 sec
Testcase: equals_TestByte took 0 sec
	FAILED
null
junit.framework.AssertionFailedError
	at org.framework.primitive.tests.testPrimitive.equals_TestByte(Unknown Source)

Testcase: equals_Test_Int took 0,001 sec
	FAILED
null
junit.framework.AssertionFailedError
	at org.framework.primitive.tests.testPrimitive.equals_Test_Int(Unknown Source)

Testcase: valueWithinIntRange_Test_Long took 0,001 sec
	FAILED
null
junit.framework.AssertionFailedError
	at org.framework.primitive.tests.testPrimitive.valueWithinIntRange_Test_Long(Unknown Source)

Testcase: valueWithinFloatRange_Test_Double took 0,001 sec
	FAILED
null
junit.framework.AssertionFailedError
	at org.framework.primitive.tests.testPrimitive.valueWithinFloatRange_Test_Double(Unknown Source)

Testcase: divisor_Test_Int took 0 sec
Testcase: greater_Test_Double took 0,001 sec
Testcase: valueWithinShortRange_Test_Int took 0 sec
