Testsuite: org.framework.primitive.TestDoubleTest
Tests run: 5, Failures: 2, Errors: 0, Skipped: 0, Time elapsed: 0,031 sec

Testcase: greater_Test took 0,005 sec
Testcase: equals_Test took 0 sec
Testcase: integerValue_Test took 0,002 sec
	FAILED
null
junit.framework.AssertionFailedError
	at org.framework.primitive.TestDoubleTest.integerValue_Test(Unknown Source)

Testcase: less_Test took 0,001 sec
Testcase: valueWithinFloatRange_Test took 0 sec
	FAILED
null
junit.framework.AssertionFailedError
	at org.framework.primitive.TestDoubleTest.valueWithinFloatRange_Test(Unknown Source)

