Testsuite: org.framework.primitive.testPrimitive
Tests run: 33, Failures: 9, Errors: 0, Skipped: 0, Time elapsed: 0,051 sec

Testcase: valueWithinByteRange_Test_Int took 0,007 sec
Testcase: less_Test_Byte took 0,001 sec
Testcase: less_Test_Long took 0,004 sec
	FAILED
null
junit.framework.AssertionFailedError
	at org.framework.primitive.testPrimitive.less_Test_Long(Unknown Source)

Testcase: equals_Test_Double took 0,001 sec
Testcase: divisor_Test_Byte took 0 sec
Testcase: divisor_Test_Long took 0 sec
Testcase: integerValue_Test_Double took 0,001 sec
	FAILED
null
junit.framework.AssertionFailedError
	at org.framework.primitive.testPrimitive.integerValue_Test_Double(Unknown Source)

Testcase: valueWithinByteRange_Test_Long took 0 sec
Testcase: sameIntegerValue_Test_Float took 0,001 sec
	FAILED
null
junit.framework.AssertionFailedError
	at org.framework.primitive.testPrimitive.sameIntegerValue_Test_Float(Unknown Source)

Testcase: less_Test_Float took 0 sec
Testcase: less_Test_Short took 0,001 sec
Testcase: equals_Char_Test took 0 sec
Testcase: testequalsTestBoolean took 0,008 sec
	FAILED

Expected: is <25>
     but: was <0>
junit.framework.AssertionFailedError: 
Expected: is <25>
     but: was <0>
	at org.hamcrest.MatcherAssert.assertThat(MatcherAssert.java:20)
	at org.framework.primitive.testPrimitive.testequalsTestBoolean(Unknown Source)

Testcase: greater_Test_Int took 0 sec
Testcase: less_Test_Int took 0 sec
Testcase: less_Test_Double took 0 sec
Testcase: greater_Test_Float took 0 sec
Testcase: greater_Test_Short took 0,001 sec
Testcase: valueWithinByteRange_Test_Short took 0 sec
	FAILED
null
junit.framework.AssertionFailedError
	at org.framework.primitive.testPrimitive.valueWithinByteRange_Test_Short(Unknown Source)

Testcase: notEquals_Test took 0,001 sec
	FAILED

Expected: is <36>
     but: was <0>
junit.framework.AssertionFailedError: 
Expected: is <36>
     but: was <0>
	at org.hamcrest.MatcherAssert.assertThat(MatcherAssert.java:20)
	at org.framework.primitive.testPrimitive.notEquals_Test(Unknown Source)

Testcase: greater_Test_Byte took 0 sec
Testcase: greater_Test_Long took 0,001 sec
Testcase: divisor_Test_Short took 0 sec
Testcase: equals_Short_Test took 0 sec
Testcase: equals_Test_Long took 0 sec
Testcase: valueWithinShortRange_Test_Long took 0 sec
Testcase: equals_TestByte took 0,001 sec
	FAILED

Expected: is <49>
     but: was <0>
junit.framework.AssertionFailedError: 
Expected: is <49>
     but: was <0>
	at org.hamcrest.MatcherAssert.assertThat(MatcherAssert.java:20)
	at org.framework.primitive.testPrimitive.equals_TestByte(Unknown Source)

Testcase: equals_Test_Int took 0 sec
Testcase: valueWithinIntRange_Test_Long took 0,001 sec
	FAILED
null
junit.framework.AssertionFailedError
	at org.framework.primitive.testPrimitive.valueWithinIntRange_Test_Long(Unknown Source)

Testcase: valueWithinFloatRange_Test_Double took 0,001 sec
	FAILED
null
junit.framework.AssertionFailedError
	at org.framework.primitive.testPrimitive.valueWithinFloatRange_Test_Double(Unknown Source)

Testcase: divisor_Test_Int took 0 sec
Testcase: greater_Test_Double took 0 sec
Testcase: valueWithinShortRange_Test_Int took 0,001 sec
