Testsuite: org.framework.primitive.tests.JunitTestPrimitive
Tests run: 33, Failures: 2, Errors: 0, Skipped: 0, Time elapsed: 0,189 sec

Testcase: valueWithinByteRange_Test_Int took 0,01 sec
Testcase: less_Test_Byte took 0,002 sec
Testcase: less_Test_Long took 0 sec
Testcase: equals_Test_Double took 0,001 sec
Testcase: divisor_Test_Byte took 0 sec
Testcase: divisor_Test_Long took 0,001 sec
Testcase: integerValue_Test_Double took 0,001 sec
Testcase: valueWithinByteRange_Test_Long took 0 sec
Testcase: sameIntegerValue_Test_Float took 0,001 sec
Testcase: less_Test_Float took 0,001 sec
Testcase: less_Test_Short took 0,002 sec
Testcase: equals_Char_Test took 0,004 sec
Testcase: testequalsTestBoolean took 0 sec
Testcase: greater_Test_Int took 0,001 sec
Testcase: less_Test_Int took 0 sec
Testcase: less_Test_Double took 0 sec
Testcase: greater_Test_Float took 0,001 sec
Testcase: greater_Test_Short took 0,001 sec
Testcase: valueWithinByteRange_Test_Short took 0,004 sec
	FAILED
null
junit.framework.AssertionFailedError
	at org.framework.primitive.tests.JunitTestPrimitive.valueWithinByteRange_Test_Short(JunitTestPrimitive.java:114)

Testcase: notEquals_Test took 0 sec
Testcase: greater_Test_Byte took 0 sec
Testcase: greater_Test_Long took 0,001 sec
Testcase: divisor_Test_Short took 0 sec
Testcase: equals_Short_Test took 0 sec
Testcase: equals_Test_Long took 0 sec
Testcase: valueWithinShortRange_Test_Long took 0,001 sec
Testcase: equals_TestByte took 0 sec
Testcase: equals_Test_Int took 0 sec
Testcase: valueWithinIntRange_Test_Long took 0 sec
Testcase: valueWithinFloatRange_Test_Double took 0,001 sec
	FAILED
null
junit.framework.AssertionFailedError
	at org.framework.primitive.tests.JunitTestPrimitive.valueWithinFloatRange_Test_Double(JunitTestPrimitive.java:341)

Testcase: divisor_Test_Int took 0,001 sec
Testcase: greater_Test_Double took 0 sec
Testcase: valueWithinShortRange_Test_Int took 0 sec
