Testsuite: org.framework.FrameworkTestSuite
Tests run: 95, Failures: 14, Errors: 0, Skipped: 0, Time elapsed: 0,281 sec
------------- Standard Output ---------------
InstantationException - TestCase
InstantationException - TestCase
InstantationException - TestCase
InstantationException - TestCase
InstantationException - TestCase
InstantationException - TestCase
InstantationException - TestCase
InstantationException - TestCase
InstantationException - TestCase
InstantationException - TestCase
InstantationException - TestCase
------------- ---------------- ---------------

Testcase: testRuntimeClass_Method_addClass_TryAddSeveralClassesFromArray took 0,016 sec
Testcase: testRuntimeClass_Method_Execute_RunExecuteTwoTest took 0 sec
Testcase: testRuntimeClass_Method_ExecuteMethodSeveralConstructorParameter took 0 sec
Testcase: testRuntimeClass_Method_executeMethodSuccess took 0 sec
Testcase: testRuntimeClass_Method_Execute_RunSeveralExecuteTest took 0 sec
Testcase: testRuntimeClass_Method_addClass_TryAddSeveralClassesFromList took 0 sec
Testcase: testRuntimeClass_Constructor_ParameterConstructor took 0 sec
Testcase: testRuntimeClass_Method_executeMethodFailed took 0 sec
Testcase: testRuntimeClass_Method_Execute_RunExecuteThreeTest took 0 sec
Testcase: testRuntimeClass_Constructor_EmptyConstructor took 0 sec
Testcase: testRuntimeClass_Method_getListOfAnnotationMethod took 0 sec
Testcase: testRuntimeClass_Method_AddClass_AddOneClass took 0 sec
Testcase: testRuntimeClass_Method_Execute_RunExecuteOneTest took 0 sec
Testcase: testTestCaseClass_Constructor_EmptyConstructor_cannotRun took 0 sec
Testcase: testTestCaseClass_Method_Run_TestResultIsIncorrect took 0 sec
Testcase: testTestCaseClass_Method_run_testNullPointerException_onMethodName took 0 sec
Testcase: testTestCaseClass_Method_Run_TestResultIsCorrect took 0 sec
Testcase: testTestCaseClass_Constructor_NullConstructor_cannotRun took 0 sec
Testcase: testTestCaseClass_Method_Setup_addSetupValue took 0 sec
Testcase: testTestCaseClass_Method_run_testNullPointerException_onInstance took 0 sec
Testcase: testTestCaseClass_Method_Teardown_addTeardownValue took 0 sec
Testcase: testTestCaseClass_Constructor_NullConstructor_methodName took 0,015 sec
Testcase: testTestCaseClass_Constructor_Parameter_CanRun took 0 sec
Testcase: test_identical_TwoRectangles took 0,063 sec
Testcase: test_identical_TwoCircles took 0,093 sec
Testcase: test_equals_TwoRectangles took 0 sec
Testcase: test_identical_Polygons took 0 sec
Testcase: test_equals_TwoCircles took 0 sec
Testcase: test_is_a_Square took 0 sec
Testcase: equals_Test took 0 sec
Testcase: notEquals_Test took 0 sec
Testcase: greater_Test took 0 sec
Testcase: equals_Test took 0 sec
Testcase: divisor_Test took 0 sec
Testcase: less_Test took 0 sec
Testcase: equals_Test took 0 sec
Testcase: greater_Test took 0 sec
Testcase: equals_Test took 0 sec
Testcase: integerValue_Test took 0 sec
Testcase: less_Test took 0 sec
Testcase: valueWithinFloatRange_Test took 0,016 sec
	FAILED
null
junit.framework.AssertionFailedError
	at org.framework.primitive.TestDoubleTest.valueWithinFloatRange_Test(Unknown Source)

Testcase: sameIntegerValue_Test took 0 sec
	FAILED
null
junit.framework.AssertionFailedError
	at org.framework.primitive.TestFloatTest.sameIntegerValue_Test(Unknown Source)

Testcase: greater_Test took 0 sec
Testcase: less_Test took 0 sec
Testcase: greater_Test took 0 sec
Testcase: equals_Test took 0 sec
Testcase: valueWithinShortRange_Test took 0 sec
Testcase: divisor_Test took 0 sec
Testcase: less_Test took 0 sec
Testcase: valueWithinByteRange_Test took 0 sec
Testcase: valueWithinIntRange_Test took 0 sec
	FAILED
null
junit.framework.AssertionFailedError
	at org.framework.primitive.TestLongTest.valueWithinIntRange_Test(Unknown Source)

Testcase: valueWithinShortRange_Test took 0 sec
Testcase: divisor_Test took 0 sec
Testcase: equalsTest took 0 sec
	FAILED
null
junit.framework.AssertionFailedError
	at org.framework.primitive.TestLongTest.equalsTest(Unknown Source)

Testcase: greaterTest took 0 sec
Testcase: valueWithinByteRange_Test took 0 sec
Testcase: lessTest took 0,016 sec
	FAILED
null
junit.framework.AssertionFailedError
	at org.framework.primitive.TestLongTest.lessTest(Unknown Source)

Testcase: valueWithinByteRange_Test_Int took 0 sec
Testcase: less_Test_Byte took 0 sec
Testcase: less_Test_Long took 0 sec
	FAILED
null
junit.framework.AssertionFailedError
	at org.framework.primitive.testPrimitive.less_Test_Long(Unknown Source)

Testcase: equals_Test_Double took 0 sec
Testcase: divisor_Test_Byte took 0 sec
Testcase: divisor_Test_Long took 0 sec
Testcase: integerValue_Test_Double took 0 sec
	FAILED
null
junit.framework.AssertionFailedError
	at org.framework.primitive.testPrimitive.integerValue_Test_Double(Unknown Source)

Testcase: valueWithinByteRange_Test_Long took 0 sec
Testcase: sameIntegerValue_Test_Float took 0 sec
	FAILED
null
junit.framework.AssertionFailedError
	at org.framework.primitive.testPrimitive.sameIntegerValue_Test_Float(Unknown Source)

Testcase: less_Test_Float took 0 sec
Testcase: less_Test_Short took 0 sec
Testcase: equals_Char_Test took 0 sec
Testcase: testequalsTestBoolean took 0 sec
	FAILED

Expected: is <25>
     but: was <0>
junit.framework.AssertionFailedError: 
Expected: is <25>
     but: was <0>
	at org.hamcrest.MatcherAssert.assertThat(MatcherAssert.java:20)
	at org.framework.primitive.testPrimitive.testequalsTestBoolean(Unknown Source)

Testcase: greater_Test_Int took 0 sec
Testcase: less_Test_Int took 0,015 sec
Testcase: less_Test_Double took 0 sec
Testcase: greater_Test_Float took 0 sec
Testcase: greater_Test_Short took 0 sec
Testcase: valueWithinByteRange_Test_Short took 0 sec
	FAILED
null
junit.framework.AssertionFailedError
	at org.framework.primitive.testPrimitive.valueWithinByteRange_Test_Short(Unknown Source)

Testcase: notEquals_Test took 0 sec
	FAILED

Expected: is <36>
     but: was <0>
junit.framework.AssertionFailedError: 
Expected: is <36>
     but: was <0>
	at org.hamcrest.MatcherAssert.assertThat(MatcherAssert.java:20)
	at org.framework.primitive.testPrimitive.notEquals_Test(Unknown Source)

Testcase: greater_Test_Byte took 0 sec
Testcase: greater_Test_Long took 0 sec
Testcase: divisor_Test_Short took 0 sec
Testcase: equals_Short_Test took 0 sec
Testcase: equals_Test_Long took 0 sec
Testcase: valueWithinShortRange_Test_Long took 0 sec
Testcase: equals_TestByte took 0 sec
	FAILED

Expected: is <49>
     but: was <0>
junit.framework.AssertionFailedError: 
Expected: is <49>
     but: was <0>
	at org.hamcrest.MatcherAssert.assertThat(MatcherAssert.java:20)
	at org.framework.primitive.testPrimitive.equals_TestByte(Unknown Source)

Testcase: equals_Test_Int took 0 sec
Testcase: valueWithinIntRange_Test_Long took 0 sec
	FAILED
null
junit.framework.AssertionFailedError
	at org.framework.primitive.testPrimitive.valueWithinIntRange_Test_Long(Unknown Source)

Testcase: valueWithinFloatRange_Test_Double took 0 sec
	FAILED
null
junit.framework.AssertionFailedError
	at org.framework.primitive.testPrimitive.valueWithinFloatRange_Test_Double(Unknown Source)

Testcase: divisor_Test_Int took 0 sec
Testcase: greater_Test_Double took 0 sec
Testcase: valueWithinShortRange_Test_Int took 0 sec
Testcase: greater_Test took 0 sec
Testcase: equals_Test took 0 sec
Testcase: divisor_Test took 0 sec
Testcase: less_Test took 0 sec
Testcase: valueWithinByteRange_Test took 0 sec
